<?xml version="1.0" encoding="UTF-8"?>
<coverage generated="1701624532844" clover="3.2.0">
  <project timestamp="1701624532845" name="All files">
    <metrics statements="17" coveredstatements="15" conditionals="8" coveredconditionals="6" methods="8" coveredmethods="8" elements="33" coveredelements="29" complexity="0" loc="17" ncloc="17" packages="1" files="2" classes="2"/>
    <file name="Character.js" path="/Users/anton/Desktop/netology/homework/Set/src/js/Character.js">
      <metrics statements="11" coveredstatements="9" conditionals="6" coveredconditionals="4" methods="3" coveredmethods="3"/>
      <line num="3" count="6" type="stmt"/>
      <line num="4" count="6" type="stmt"/>
      <line num="5" count="6" type="stmt"/>
      <line num="6" count="6" type="stmt"/>
      <line num="8" count="6" type="stmt"/>
      <line num="9" count="6" type="stmt"/>
      <line num="13" count="6" type="stmt"/>
      <line num="21" count="6" type="cond" truecount="1" falsecount="1"/>
      <line num="22" count="0" type="stmt"/>
      <line num="27" count="6" type="cond" truecount="3" falsecount="1"/>
      <line num="28" count="0" type="stmt"/>
    </file>
    <file name="team.js" path="/Users/anton/Desktop/netology/homework/Set/src/js/team.js">
      <metrics statements="6" coveredstatements="6" conditionals="2" coveredconditionals="2" methods="5" coveredmethods="5"/>
      <line num="5" count="4" type="stmt"/>
      <line num="9" count="4" type="cond" truecount="2" falsecount="0"/>
      <line num="10" count="1" type="stmt"/>
      <line num="13" count="3" type="stmt"/>
      <line num="17" count="3" type="stmt"/>
      <line num="21" count="2" type="stmt"/>
    </file>
  </project>
</coverage>
