TN:
SF:src/js/Character.js
FN:2,(anonymous_0)
FN:12,(anonymous_1)
FN:26,(anonymous_2)
FNF:3
FNH:3
FNDA:6,(anonymous_0)
FNDA:6,(anonymous_1)
FNDA:6,(anonymous_2)
DA:3,6
DA:4,6
DA:5,6
DA:6,6
DA:8,6
DA:9,6
DA:13,6
DA:21,6
DA:22,0
DA:27,6
DA:28,0
LF:11
LH:9
BRDA:21,0,0,0
BRDA:21,0,1,6
BRDA:27,1,0,0
BRDA:27,1,1,6
BRDA:27,2,0,6
BRDA:27,2,1,6
BRF:6
BRH:4
end_of_record
TN:
SF:src/js/team.js
FN:4,(anonymous_0)
FN:8,(anonymous_1)
FN:16,(anonymous_2)
FN:17,(anonymous_3)
FN:20,(anonymous_4)
FNF:5
FNH:5
FNDA:4,(anonymous_0)
FNDA:4,(anonymous_1)
FNDA:1,(anonymous_2)
FNDA:3,(anonymous_3)
FNDA:2,(anonymous_4)
DA:5,4
DA:9,4
DA:10,1
DA:13,3
DA:17,3
DA:21,2
LF:6
LH:6
BRDA:9,0,0,1
BRDA:9,0,1,3
BRF:2
BRH:2
end_of_record
